<?xml version="1.0" encoding="UTF-8"?>
<!-- Generated by org.testng.reporters.JUnitXMLReporter -->
<testsuite ignored="0" hostname="DESKTOP-8DPVRQ3" failures="0" tests="4" name="Default test" time="0.119" errors="0" timestamp="2021-06-25T21:15:58 IST">
  <testcase classname="com.maven.testng.Main" name="loginTest" time="0.005"/>
  <testcase classname="com.maven.testng.Main" name="loginTest" time="0.001"/>
  <testcase classname="com.maven.testng.Main" name="loginTest" time="0.001"/>
  <testcase classname="com.maven.testng.Main" name="loginTest" time="0.0"/>
</testsuite> <!-- Default test -->
