<?xml version="1.0" encoding="UTF-8"?>
<testng-results ignored="0" total="1" passed="1" failed="0" skipped="0">
  <reporter-output>
  </reporter-output>
  <suite started-at="2021-06-25T13:38:14 IST" name="Suite" finished-at="2021-06-25T13:38:14 IST" duration-ms="64">
    <groups>
    </groups>
    <test started-at="2021-06-25T13:38:14 IST" name="Test" finished-at="2021-06-25T13:38:14 IST" duration-ms="64">
      <class name="com.maven.testng.Main">
        <test-method signature="initialTest()[pri:0, instance:com.maven.testng.Main@4e41089d]" started-at="2021-06-25T13:38:14 IST" name="initialTest" finished-at="2021-06-25T13:38:14 IST" duration-ms="7" status="PASS">
          <reporter-output>
          </reporter-output>
        </test-method> <!-- initialTest -->
      </class> <!-- com.maven.testng.Main -->
    </test> <!-- Test -->
  </suite> <!-- Suite -->
</testng-results>
