<?xml version="1.0" encoding="UTF-8"?>
<testng-results ignored="0" total="4" passed="4" failed="0" skipped="0">
  <reporter-output>
    <line>
      <![CDATA[Name]]>
    </line>
    <line>
      <![CDATA[Age]]>
    </line>
    <line>
      <![CDATA[Kamal]]>
    </line>
    <line>
      <![CDATA[29]]>
    </line>
    <line>
      <![CDATA[Vimal]]>
    </line>
    <line>
      <![CDATA[23]]>
    </line>
    <line>
      <![CDATA[Ajith]]>
    </line>
    <line>
      <![CDATA[41]]>
    </line>
  </reporter-output>
  <suite started-at="2021-06-25T21:15:58 IST" name="Default suite" finished-at="2021-06-25T21:15:58 IST" duration-ms="119">
    <groups>
    </groups>
    <test started-at="2021-06-25T21:15:58 IST" name="Default test" finished-at="2021-06-25T21:15:58 IST" duration-ms="119">
      <class name="com.maven.testng.Main">
        <test-method signature="loginTest(java.lang.String,java.lang.String)[pri:0, instance:com.maven.testng.Main@1e802ef9]" started-at="2021-06-25T21:15:58 IST" name="loginTest" data-provider="testdata" finished-at="2021-06-25T21:15:58 IST" duration-ms="5" status="PASS">
          <params>
            <param index="0">
              <value>
                <![CDATA[Name]]>
              </value>
            </param>
            <param index="1">
              <value>
                <![CDATA[Age]]>
              </value>
            </param>
          </params>
          <reporter-output>
            <line>
              <![CDATA[Name]]>
            </line>
            <line>
              <![CDATA[Age]]>
            </line>
          </reporter-output>
        </test-method> <!-- loginTest -->
        <test-method signature="loginTest(java.lang.String,java.lang.String)[pri:0, instance:com.maven.testng.Main@1e802ef9]" started-at="2021-06-25T21:15:58 IST" name="loginTest" data-provider="testdata" finished-at="2021-06-25T21:15:58 IST" duration-ms="1" status="PASS">
          <params>
            <param index="0">
              <value>
                <![CDATA[Kamal]]>
              </value>
            </param>
            <param index="1">
              <value>
                <![CDATA[29]]>
              </value>
            </param>
          </params>
          <reporter-output>
            <line>
              <![CDATA[Kamal]]>
            </line>
            <line>
              <![CDATA[29]]>
            </line>
          </reporter-output>
        </test-method> <!-- loginTest -->
        <test-method signature="loginTest(java.lang.String,java.lang.String)[pri:0, instance:com.maven.testng.Main@1e802ef9]" started-at="2021-06-25T21:15:58 IST" name="loginTest" data-provider="testdata" finished-at="2021-06-25T21:15:58 IST" duration-ms="1" status="PASS">
          <params>
            <param index="0">
              <value>
                <![CDATA[Vimal]]>
              </value>
            </param>
            <param index="1">
              <value>
                <![CDATA[23]]>
              </value>
            </param>
          </params>
          <reporter-output>
            <line>
              <![CDATA[Vimal]]>
            </line>
            <line>
              <![CDATA[23]]>
            </line>
          </reporter-output>
        </test-method> <!-- loginTest -->
        <test-method signature="loginTest(java.lang.String,java.lang.String)[pri:0, instance:com.maven.testng.Main@1e802ef9]" started-at="2021-06-25T21:15:58 IST" name="loginTest" data-provider="testdata" finished-at="2021-06-25T21:15:58 IST" duration-ms="0" status="PASS">
          <params>
            <param index="0">
              <value>
                <![CDATA[Ajith]]>
              </value>
            </param>
            <param index="1">
              <value>
                <![CDATA[41]]>
              </value>
            </param>
          </params>
          <reporter-output>
            <line>
              <![CDATA[Ajith]]>
            </line>
            <line>
              <![CDATA[41]]>
            </line>
          </reporter-output>
        </test-method> <!-- loginTest -->
      </class> <!-- com.maven.testng.Main -->
    </test> <!-- Default test -->
  </suite> <!-- Default suite -->
</testng-results>
