<?xml version="1.0" encoding="UTF-8"?>
<testng-results ignored="0" total="1" passed="1" failed="0" skipped="0">
  <reporter-output>
  </reporter-output>
  <suite started-at="2021-06-25T13:36:51 IST" name="Default suite" finished-at="2021-06-25T13:36:51 IST" duration-ms="45">
    <groups>
    </groups>
    <test started-at="2021-06-25T13:36:51 IST" name="Default test" finished-at="2021-06-25T13:36:51 IST" duration-ms="45">
      <class name="com.maven.testng.Main">
        <test-method signature="initialTest()[pri:0, instance:com.maven.testng.Main@3c9d0b9d]" started-at="2021-06-25T13:36:51 IST" name="initialTest" finished-at="2021-06-25T13:36:51 IST" duration-ms="8" status="PASS">
          <reporter-output>
          </reporter-output>
        </test-method> <!-- initialTest -->
      </class> <!-- com.maven.testng.Main -->
    </test> <!-- Default test -->
  </suite> <!-- Default suite -->
</testng-results>
